
NET:
==========================================================================
	discrete places: 5
	immediate transitions: 0
	timed transitions: 5
	constant input arcs: 6
	constant output arcs: 6
	constant inhibitor arcs: 0
	variable input arcs: 0
	variable output arcs: 0
	variable inhibitor arcs: 0
==========================================================================

RG:
==========================================================================
	tangible markings: 5
	vanishing markings: 0
	marking-to-marking transitions: 8
==========================================================================
==========================================================================

                         TIME :   INFINITY

==========================================================================
EXPECTED: mark(P0) = 0.449729486023
EXPECTED: mark(P1) = 0.450180342651
EXPECTED: rate(t2) = 0.449729486023
EXPECTED: rate(t3) = 0.90081154193
EXPECTED: rate(t1)*1.8+mark(P3)*0.7 = 2.50103697024

CTMC:
==========================================================================
	states: 5
	nonzero entries: 8
	iterations: 20
	precision: 1.40183e-009
==========================================================================

AVERAGE:
==========================================================================
    PLACE                        Pr[nonempty]          Av[tokens]
  0: P0                           4.497294860234e-001    4.497294860234e-001
  1: P1                           4.501803426510e-001    4.501803426510e-001
  2: P2                           6.424706943192e-002    6.424706943192e-002
  3: P3                           1.000901713255e-001    1.000901713255e-001
  4: P4                           4.860234445446e-001    4.860234445446e-001
    TRANSITION                   Pr[enabled]           Av[throughput]
  0: t0                           4.497294860234e-001    4.497294860234e-001
  1: t1                           4.501803426510e-001    1.350541027953e+000
  2: t2                           6.424706943192e-002    4.497294860234e-001
  3: t3                           1.000901713255e-001    9.008115419297e-001
  4: t4                           8.994589720469e-002    4.497294860234e-001
==========================================================================
==========================================================================

                         TIME :   INFINITY

==========================================================================
EXPECTED: Expected reward rate of ef0 in steady-state = 0.449729486023
