
NET:
==========================================================================
	discrete places: 4
	immediate transitions: 1
	timed transitions: 6
	constant input arcs: 8
	constant output arcs: 9
	constant inhibitor arcs: 0
	variable input arcs: 0
	variable output arcs: 0
	variable inhibitor arcs: 0
==========================================================================

VALUE: lam_h_i = 0.2

RG:
==========================================================================
	tangible markings: 29
	vanishing markings: 0
	marking-to-marking transitions: 56
==========================================================================
==========================================================================

                         TIME :   INFINITY

==========================================================================

VALUE: Throughput of t_h_o = 4.05497882799

VALUE: Error = 0.950677917571

VALUE: lam_h_i = 4.05497882799

RG:
==========================================================================
	tangible markings: 29
	vanishing markings: 0
	marking-to-marking transitions: 56
==========================================================================
==========================================================================

                         TIME :   INFINITY

==========================================================================

VALUE: Throughput of t_h_o = 5.55771514267

VALUE: Error = 0.270387430105

VALUE: lam_h_i = 5.55771514267

RG:
==========================================================================
	tangible markings: 29
	vanishing markings: 0
	marking-to-marking transitions: 56
==========================================================================
==========================================================================

                         TIME :   INFINITY

==========================================================================

VALUE: Throughput of t_h_o = 6.09909932427

VALUE: Error = 0.0887646114309

VALUE: lam_h_i = 6.09909932427

RG:
==========================================================================
	tangible markings: 29
	vanishing markings: 0
	marking-to-marking transitions: 56
==========================================================================
==========================================================================

                         TIME :   INFINITY

==========================================================================

VALUE: Throughput of t_h_o = 6.28199892785

VALUE: Error = 0.0291148734157

VALUE: lam_h_i = 6.28199892785

RG:
==========================================================================
	tangible markings: 29
	vanishing markings: 0
	marking-to-marking transitions: 56
==========================================================================
==========================================================================

                         TIME :   INFINITY

==========================================================================

VALUE: Throughput of t_h_o = 6.34206961463

VALUE: Error = 0.00947177978669
EXPECTED: block handoff: = 0.00620784659789
EXPECTED: block new: = 0.0291735230615
EXPECTED: available channel:  = 8.78160722839

VALUE: avg. waiting time: = 0
==========================================================================

                         TIME :   INFINITY

==========================================================================
EXPECTED: Expected reward rate of BH in steady-state = 0.00620784659789
